0 info it worked if it ends with ok
1 verbose cli [ '/usr/local/Cellar/node/5.3.0/bin/node',
1 verbose cli   '/usr/local/bin/npm',
1 verbose cli   'install',
1 verbose cli   '-g',
1 verbose cli   'ios-deploy' ]
2 info using npm@3.3.12
3 info using node@v5.3.0
4 silly loadCurrentTree Starting
5 silly install loadCurrentTree
6 silly install readGlobalPackageData
7 silly fetchPackageMetaData ios-deploy
8 silly fetchNamedPackageData ios-deploy
9 silly mapToRegistry name ios-deploy
10 silly mapToRegistry using default registry
11 silly mapToRegistry registry https://registry.npmjs.org/
12 silly mapToRegistry uri https://registry.npmjs.org/ios-deploy
13 verbose request uri https://registry.npmjs.org/ios-deploy
14 verbose request no auth needed
15 info attempt registry request try #1 at 2:43:41 PM
16 verbose request id 53ab95f1f0a9c195
17 verbose etag "81NX9HBLREKB5KSUAXMQ0IXPI"
18 http request GET https://registry.npmjs.org/ios-deploy
19 http 200 https://registry.npmjs.org/ios-deploy
20 verbose headers { server: 'CouchDB/1.5.0 (Erlang OTP/R16B03)',
20 verbose headers   etag: '"5ALDUQ1GLDBEYMDJK8RUMV18V"',
20 verbose headers   'content-type': 'application/json',
20 verbose headers   'content-encoding': 'gzip',
20 verbose headers   'cache-control': 'max-age=300',
20 verbose headers   'content-length': '6873',
20 verbose headers   'accept-ranges': 'bytes',
20 verbose headers   date: 'Thu, 19 May 2016 12:43:45 GMT',
20 verbose headers   via: '1.1 varnish',
20 verbose headers   age: '192',
20 verbose headers   connection: 'keep-alive',
20 verbose headers   'x-served-by': 'cache-fra1248-FRA',
20 verbose headers   'x-cache': 'HIT',
20 verbose headers   'x-cache-hits': '1',
20 verbose headers   'x-timer': 'S1463661825.107941,VS0,VE0',
20 verbose headers   vary: 'Accept-Encoding' }
21 silly get cb [ 200,
21 silly get   { server: 'CouchDB/1.5.0 (Erlang OTP/R16B03)',
21 silly get     etag: '"5ALDUQ1GLDBEYMDJK8RUMV18V"',
21 silly get     'content-type': 'application/json',
21 silly get     'content-encoding': 'gzip',
21 silly get     'cache-control': 'max-age=300',
21 silly get     'content-length': '6873',
21 silly get     'accept-ranges': 'bytes',
21 silly get     date: 'Thu, 19 May 2016 12:43:45 GMT',
21 silly get     via: '1.1 varnish',
21 silly get     age: '192',
21 silly get     connection: 'keep-alive',
21 silly get     'x-served-by': 'cache-fra1248-FRA',
21 silly get     'x-cache': 'HIT',
21 silly get     'x-cache-hits': '1',
21 silly get     'x-timer': 'S1463661825.107941,VS0,VE0',
21 silly get     vary: 'Accept-Encoding' } ]
22 verbose get saving ios-deploy to /Users/stefan6/.npm/registry.npmjs.org/ios-deploy/.cache.json
23 silly install normalizeTree
24 silly loadCurrentTree Finishing
25 silly loadIdealTree Starting
26 silly install loadIdealTree
27 silly cloneCurrentTree Starting
28 silly install cloneCurrentTreeToIdealTree
29 silly cloneCurrentTree Finishing
30 silly loadShrinkwrap Starting
31 silly install loadShrinkwrap
32 silly loadShrinkwrap Finishing
33 silly loadAllDepsIntoIdealTree Starting
34 silly install loadAllDepsIntoIdealTree
35 silly resolveWithNewModule ios-deploy@1.8.6 checking installable status
36 silly cache add args [ 'ios-deploy', null ]
37 verbose cache add spec ios-deploy
38 silly cache add parsed spec Result {
38 silly cache add   raw: 'ios-deploy',
38 silly cache add   scope: null,
38 silly cache add   name: 'ios-deploy',
38 silly cache add   rawSpec: '',
38 silly cache add   spec: '*',
38 silly cache add   type: 'range' }
39 silly addNamed ios-deploy@*
40 verbose addNamed "*" is a valid semver range for ios-deploy
41 silly addNameRange { name: 'ios-deploy', range: '*', hasData: false }
42 silly mapToRegistry name ios-deploy
43 silly mapToRegistry using default registry
44 silly mapToRegistry registry https://registry.npmjs.org/
45 silly mapToRegistry uri https://registry.npmjs.org/ios-deploy
46 verbose addNameRange registry:https://registry.npmjs.org/ios-deploy not in flight; fetching
47 verbose get https://registry.npmjs.org/ios-deploy not expired, no request
48 silly addNameRange number 2 { name: 'ios-deploy', range: '*', hasData: true }
49 silly addNameRange versions [ 'ios-deploy',
49 silly addNameRange   [ '1.0.1',
49 silly addNameRange     '1.0.2',
49 silly addNameRange     '1.0.3',
49 silly addNameRange     '1.0.4',
49 silly addNameRange     '1.0.5',
49 silly addNameRange     '1.0.6',
49 silly addNameRange     '1.0.7',
49 silly addNameRange     '1.0.8',
49 silly addNameRange     '1.0.9',
49 silly addNameRange     '1.1.0',
49 silly addNameRange     '1.2.0',
49 silly addNameRange     '1.3.0',
49 silly addNameRange     '1.3.1',
49 silly addNameRange     '1.3.2',
49 silly addNameRange     '1.4.0',
49 silly addNameRange     '1.5.0',
49 silly addNameRange     '1.6.0',
49 silly addNameRange     '1.6.1',
49 silly addNameRange     '1.6.2',
49 silly addNameRange     '1.6.3',
49 silly addNameRange     '1.7.0',
49 silly addNameRange     '1.8.0',
49 silly addNameRange     '1.8.1',
49 silly addNameRange     '1.8.2',
49 silly addNameRange     '1.8.3',
49 silly addNameRange     '1.8.4',
49 silly addNameRange     '1.8.5',
49 silly addNameRange     '1.8.6' ] ]
50 silly addNamed ios-deploy@1.8.6
51 verbose addNamed "1.8.6" is a plain semver version for ios-deploy
52 silly cache afterAdd ios-deploy@1.8.6
53 verbose afterAdd /Users/stefan6/.npm/ios-deploy/1.8.6/package/package.json not in flight; writing
54 verbose afterAdd /Users/stefan6/.npm/ios-deploy/1.8.6/package/package.json written
55 silly loadAllDepsIntoIdealTree Finishing
56 silly idealTree:prePrune lib
56 silly idealTree:prePrune └── ios-deploy@1.8.6
57 silly loadIdealTree Finishing
58 silly currentTree lib
59 silly idealTree lib
59 silly idealTree └── ios-deploy@1.8.6
60 silly generateActionsToTake Starting
61 silly install generateActionsToTake
62 silly generateActionsToTake Finishing
63 silly diffTrees action count 1
64 silly diffTrees add ios-deploy@1.8.6
65 silly decomposeActions action count 8
66 silly decomposeActions fetch ios-deploy@1.8.6
67 silly decomposeActions extract ios-deploy@1.8.6
68 silly decomposeActions preinstall ios-deploy@1.8.6
69 silly decomposeActions build ios-deploy@1.8.6
70 silly decomposeActions install ios-deploy@1.8.6
71 silly decomposeActions postinstall ios-deploy@1.8.6
72 silly decomposeActions test ios-deploy@1.8.6
73 silly decomposeActions finalize ios-deploy@1.8.6
74 silly executeActions Starting
75 silly install executeActions
76 silly doSerial global-install 0
77 silly doParallel fetch 1
78 verbose lock using /Users/stefan6/.npm/_locks/staging-3a08f0df5026584d.lock for /usr/local/lib/node_modules/.staging
79 silly doParallel extract 1
80 silly extract ios-deploy@1.8.6
81 verbose unbuild lib/node_modules/.staging/ios-deploy-fbfd9f76b9a8909271fae167aab47715
82 silly gentlyRm /usr/local/lib/node_modules/.staging/ios-deploy-fbfd9f76b9a8909271fae167aab47715 is being purged from base /usr/local
83 verbose gentlyRm don't care about contents; nuking /usr/local/lib/node_modules/.staging/ios-deploy-fbfd9f76b9a8909271fae167aab47715
84 verbose tar unpack /Users/stefan6/.npm/ios-deploy/1.8.6/package.tgz
85 verbose tar unpacking to /usr/local/lib/node_modules/.staging/ios-deploy-fbfd9f76b9a8909271fae167aab47715
86 silly gentlyRm /usr/local/lib/node_modules/.staging/ios-deploy-fbfd9f76b9a8909271fae167aab47715 is being purged
87 verbose gentlyRm don't care about contents; nuking /usr/local/lib/node_modules/.staging/ios-deploy-fbfd9f76b9a8909271fae167aab47715
88 silly gunzTarPerm modes [ '755', '644' ]
89 silly gunzTarPerm extractEntry package.json
90 silly gunzTarPerm extractEntry .npmignore
91 silly gunzTarPerm extractEntry README.md
92 silly gunzTarPerm extractEntry LICENSE
93 silly gunzTarPerm extractEntry CONTRIBUTING.md
94 silly gunzTarPerm extractEntry demo/.npmignore
95 silly gunzTarPerm extractEntry demo/Entitlements.plist
96 silly gunzTarPerm extractEntry demo/Info.plist
97 silly gunzTarPerm extractEntry demo/Makefile
98 silly gunzTarPerm extractEntry demo/ResourceRules.plist
99 silly gunzTarPerm extractEntry demo/demo.c
100 silly gunzTarPerm extractEntry ios-deploy.xcodeproj/project.pbxproj
101 silly gunzTarPerm extractEntry ios-deploy.xcodeproj/project.xcworkspace/xcuserdata/shaz.xcuserdatad/UserInterfaceState.xcuserstate
102 silly gunzTarPerm extractEntry ios-deploy.xcodeproj/xcshareddata/xcschemes/ios-deploy-tests.xcscheme
103 silly gunzTarPerm extractEntry ios-deploy.xcodeproj/xcuserdata/shaz.xcuserdatad/xcschemes/ios-deploy-lib.xcscheme
104 silly gunzTarPerm extractEntry ios-deploy.xcodeproj/xcuserdata/shaz.xcuserdatad/xcschemes/ios-deploy.xcscheme
105 silly gunzTarPerm extractEntry ios-deploy.xcodeproj/xcuserdata/shaz.xcuserdatad/xcschemes/xcschememanagement.plist
106 silly gunzTarPerm extractEntry src/ios-deploy/MobileDevice.h
107 silly gunzTarPerm extractEntry src/ios-deploy/errors.h
108 silly gunzTarPerm extractEntry src/ios-deploy/ios-deploy.m
109 silly gunzTarPerm extractEntry src/ios-deploy/version.h
110 silly gunzTarPerm extractEntry src/ios-deploy-lib/libios_deploy.h
111 silly gunzTarPerm extractEntry src/ios-deploy-lib/libios_deploy.m
112 silly gunzTarPerm extractEntry src/ios-deploy-tests/Info.plist
113 silly gunzTarPerm extractEntry src/ios-deploy-tests/ios_deploy_tests.m
114 silly gunzTarPerm extractEntry src/scripts/check_reqs.js
115 silly gunzTarPerm extractEntry src/scripts/lldb.py
116 silly doParallel preinstall 1
117 silly preinstall ios-deploy@1.8.6 /usr/local/lib/node_modules/.staging/ios-deploy-fbfd9f76b9a8909271fae167aab47715
118 info lifecycle ios-deploy@1.8.6~preinstall: ios-deploy@1.8.6
119 warn lifecycle ios-deploy@1.8.6~preinstall: cannot run in wd %s %s (wd=%s) ios-deploy@1.8.6 ./src/scripts/check_reqs.js && xcodebuild /usr/local/lib/node_modules/.staging/ios-deploy-fbfd9f76b9a8909271fae167aab47715
120 silly doReverseSerial remove 0
121 silly doSerial move 0
122 silly doSerial finalize 1
123 silly finalize /usr/local/lib/node_modules/ios-deploy
124 silly doSerial build 1
125 silly build ios-deploy@1.8.6
126 info linkStuff ios-deploy@1.8.6
127 silly linkStuff ios-deploy@1.8.6 has /usr/local/lib/node_modules as its parent node_modules
128 silly linkStuff ios-deploy@1.8.6 is part of a global install
129 silly linkStuff ios-deploy@1.8.6 is installed into a global node_modules
130 silly linkStuff ios-deploy@1.8.6 is installed into the top-level global node_modules
131 verbose linkBins ios-deploy@1.8.6
132 verbose link bins [ { 'ios-deploy': './build/Release/ios-deploy' },
132 verbose link bins   '/usr/local/bin',
132 verbose link bins   true ]
133 verbose linkMans ios-deploy@1.8.6
134 verbose unlock done using /Users/stefan6/.npm/_locks/staging-3a08f0df5026584d.lock for /usr/local/lib/node_modules/.staging
135 silly rollbackFailedOptional Starting
136 silly rollbackFailedOptional Finishing
137 silly runTopLevelLifecycles Starting
138 silly runTopLevelLifecycles Finishing
139 silly install printInstalled
140 verbose stack Error: ENOENT: no such file or directory, chmod '/usr/local/lib/node_modules/ios-deploy/build/Release/ios-deploy'
140 verbose stack     at Error (native)
141 verbose cwd /Volumes/Data/Works/fusionstone/code
142 error Darwin 15.0.0
143 error argv "/usr/local/Cellar/node/5.3.0/bin/node" "/usr/local/bin/npm" "install" "-g" "ios-deploy"
144 error node v5.3.0
145 error npm  v3.3.12
146 error path /usr/local/lib/node_modules/ios-deploy/build/Release/ios-deploy
147 error code ENOENT
148 error errno -2
149 error syscall chmod
150 error enoent ENOENT: no such file or directory, chmod '/usr/local/lib/node_modules/ios-deploy/build/Release/ios-deploy'
150 error enoent This is most likely not a problem with npm itself
150 error enoent and is related to npm not being able to find a file.
151 verbose exit [ -2, true ]
